<?xml version="1.0" encoding="UTF-8"?>
<!-- Generated by org.testng.reporters.JUnitXMLReporter -->
<testsuite ignored="0" hostname="DESKTOP-AJ8SMA9" failures="1" tests="1" name="Default test(failed)" time="0.125" errors="0" timestamp="2022-03-02T19:32:30 IST">
  <testcase classname="com.TestNG_Features.Prameterized_Test" name="credentials" time="0.0">
    <failure type="org.testng.TestNGException" message="
Parameter &amp;apos;password&amp;apos; is required by @Test on method credentials but has not been marked @Optional or defined
in C:\Users\ACER\eclipse-workspace\ja\Maven_Project\test-output\testng-failed.xml">
      <![CDATA[org.testng.TestNGException: 
Parameter 'password' is required by @Test on method credentials but has not been marked @Optional or defined
in C:\Users\ACER\eclipse-workspace\ja\Maven_Project\test-output\testng-failed.xml
at java.base/java.util.ArrayList.forEach(ArrayList.java:1511)
... Removed 26 stack frames]]>
    </failure>
  </testcase> <!-- credentials -->
</testsuite> <!-- Default test(failed) -->
